[
  {
    "line": 20,
    "elements": [
      {
        "before": [
          {
            "result": {
              "duration": 11524347900,
              "status": "passed"
            },
            "match": {
              "location": "SiginTest.openBrowser()"
            }
          }
        ],
        "line": 29,
        "name": "Sign-in with valid credentials",
        "description": "",
        "id": "sign-in;sign-in-with-valid-credentials;;2",
        "after": [
          {
            "result": {
              "duration": 852905300,
              "status": "passed"
            },
            "match": {
              "location": "SiginTest.closeWebsite()"
            }
          }
        ],
        "type": "scenario",
        "keyword": "Scenario Outline",
        "steps": [
          {
            "result": {
              "duration": 25830500,
              "status": "passed"
            },
            "line": 23,
            "name": "user open newtours website",
            "match": {
              "location": "SiginTest.user_open_newtours_website()"
            },
            "keyword": "Given "
          },
          {
            "result": {
              "duration": 2594818600,
              "status": "passed"
            },
            "line": 24,
            "name": "user enters valid \"test123\" and valid \"12345\"",
            "match": {
              "arguments": [
                {
                  "val": "test123",
                  "offset": 19
                },
                {
                  "val": "12345",
                  "offset": 39
                }
              ],
              "location": "SiginTest.user_enters_valid_username_and_valid_password(String,String)"
            },
            "keyword": "When "
          },
          {
            "result": {
              "error_message": "org.openqa.selenium.NoSuchElementException: no such element: Unable to locate element: {\"method\":\"css selector\",\"selector\":\"*[name\u003d\u0027Welcome user\u0027]\"}\n  (Session info: chrome\u003d83.0.4103.97)\nFor documentation on this error, please visit: https://www.seleniumhq.org/exceptions/no_such_element.html\nBuild info: version: \u00273.141.59\u0027, revision: \u0027e82be7d358\u0027, time: \u00272018-11-14T08:17:03\u0027\nSystem info: host: \u0027USER\u0027, ip: \u0027192.168.0.106\u0027, os.name: \u0027Windows 10\u0027, os.arch: \u0027amd64\u0027, os.version: \u002710.0\u0027, java.version: \u00271.8.0_211\u0027\nDriver info: org.openqa.selenium.chrome.ChromeDriver\nCapabilities {acceptInsecureCerts: false, browserName: chrome, browserVersion: 83.0.4103.97, chrome: {chromedriverVersion: 83.0.4103.39 (ccbf011cb2d2b..., userDataDir: C:\\Users\\User\\AppData\\Local...}, goog:chromeOptions: {debuggerAddress: localhost:50806}, javascriptEnabled: true, networkConnectionEnabled: false, pageLoadStrategy: normal, platform: WINDOWS, platformName: WINDOWS, proxy: Proxy(), setWindowRect: true, strictFileInteractability: false, timeouts: {implicit: 0, pageLoad: 300000, script: 30000}, unhandledPromptBehavior: dismiss and notify, webauthn:virtualAuthenticators: true}\nSession ID: 39f3df618d2f8757c20dea8711d52be0\n*** Element info: {Using\u003dname, value\u003dWelcome user}\r\n\tat sun.reflect.NativeConstructorAccessorImpl.newInstance0(Native Method)\r\n\tat sun.reflect.NativeConstructorAccessorImpl.newInstance(NativeConstructorAccessorImpl.java:62)\r\n\tat sun.reflect.DelegatingConstructorAccessorImpl.newInstance(DelegatingConstructorAccessorImpl.java:45)\r\n\tat java.lang.reflect.Constructor.newInstance(Constructor.java:423)\r\n\tat org.openqa.selenium.remote.http.W3CHttpResponseCodec.createException(W3CHttpResponseCodec.java:187)\r\n\tat org.openqa.selenium.remote.http.W3CHttpResponseCodec.decode(W3CHttpResponseCodec.java:122)\r\n\tat org.openqa.selenium.remote.http.W3CHttpResponseCodec.decode(W3CHttpResponseCodec.java:49)\r\n\tat org.openqa.selenium.remote.HttpCommandExecutor.execute(HttpCommandExecutor.java:158)\r\n\tat org.openqa.selenium.remote.service.DriverCommandExecutor.execute(DriverCommandExecutor.java:83)\r\n\tat org.openqa.selenium.remote.RemoteWebDriver.execute(RemoteWebDriver.java:552)\r\n\tat org.openqa.selenium.remote.RemoteWebDriver.findElement(RemoteWebDriver.java:323)\r\n\tat org.openqa.selenium.remote.RemoteWebDriver.findElementByName(RemoteWebDriver.java:404)\r\n\tat org.openqa.selenium.By$ByName.findElement(By.java:284)\r\n\tat org.openqa.selenium.remote.RemoteWebDriver.findElement(RemoteWebDriver.java:315)\r\n\tat org.openqa.selenium.support.pagefactory.DefaultElementLocator.findElement(DefaultElementLocator.java:69)\r\n\tat org.openqa.selenium.support.pagefactory.internal.LocatingElementHandler.invoke(LocatingElementHandler.java:38)\r\n\tat com.sun.proxy.$Proxy16.getText(Unknown Source)\r\n\tat Pages.AccountPage.UserTitle(AccountPage.java:19)\r\n\tat StepDefination.SiginTest.user_should_be_land_in_my_account_page(SiginTest.java:41)\r\n\tat ✽.user should be land in my account page(file:signIn.feature:25)\r\n",
              "duration": 30151417200,
              "status": "failed"
            },
            "line": 25,
            "name": "user should be land in my account page",
            "match": {
              "location": "SiginTest.user_should_be_land_in_my_account_page()"
            },
            "keyword": "Then "
          }
        ],
        "tags": [
          {
            "name": "@tag"
          }
        ]
      },
      {
        "before": [
          {
            "result": {
              "duration": 9141911000,
              "status": "passed"
            },
            "match": {
              "location": "SiginTest.openBrowser()"
            }
          }
        ],
        "line": 30,
        "name": "Sign-in with valid credentials",
        "description": "",
        "id": "sign-in;sign-in-with-valid-credentials;;3",
        "after": [
          {
            "result": {
              "duration": 714641500,
              "status": "passed"
            },
            "match": {
              "location": "SiginTest.closeWebsite()"
            }
          }
        ],
        "type": "scenario",
        "keyword": "Scenario Outline",
        "steps": [
          {
            "result": {
              "duration": 19754500,
              "status": "passed"
            },
            "line": 23,
            "name": "user open newtours website",
            "match": {
              "location": "SiginTest.user_open_newtours_website()"
            },
            "keyword": "Given "
          },
          {
            "result": {
              "duration": 2485573000,
              "status": "passed"
            },
            "line": 24,
            "name": "user enters valid \"test567\" and valid \"5678\"",
            "match": {
              "arguments": [
                {
                  "val": "test567",
                  "offset": 19
                },
                {
                  "val": "5678",
                  "offset": 39
                }
              ],
              "location": "SiginTest.user_enters_valid_username_and_valid_password(String,String)"
            },
            "keyword": "When "
          },
          {
            "result": {
              "error_message": "org.openqa.selenium.NoSuchElementException: no such element: Unable to locate element: {\"method\":\"css selector\",\"selector\":\"*[name\u003d\u0027Welcome user\u0027]\"}\n  (Session info: chrome\u003d83.0.4103.97)\nFor documentation on this error, please visit: https://www.seleniumhq.org/exceptions/no_such_element.html\nBuild info: version: \u00273.141.59\u0027, revision: \u0027e82be7d358\u0027, time: \u00272018-11-14T08:17:03\u0027\nSystem info: host: \u0027USER\u0027, ip: \u0027192.168.0.106\u0027, os.name: \u0027Windows 10\u0027, os.arch: \u0027amd64\u0027, os.version: \u002710.0\u0027, java.version: \u00271.8.0_211\u0027\nDriver info: org.openqa.selenium.chrome.ChromeDriver\nCapabilities {acceptInsecureCerts: false, browserName: chrome, browserVersion: 83.0.4103.97, chrome: {chromedriverVersion: 83.0.4103.39 (ccbf011cb2d2b..., userDataDir: C:\\Users\\User\\AppData\\Local...}, goog:chromeOptions: {debuggerAddress: localhost:50875}, javascriptEnabled: true, networkConnectionEnabled: false, pageLoadStrategy: normal, platform: WINDOWS, platformName: WINDOWS, proxy: Proxy(), setWindowRect: true, strictFileInteractability: false, timeouts: {implicit: 0, pageLoad: 300000, script: 30000}, unhandledPromptBehavior: dismiss and notify, webauthn:virtualAuthenticators: true}\nSession ID: 194067d77c01557b1df0c222dc207351\n*** Element info: {Using\u003dname, value\u003dWelcome user}\r\n\tat sun.reflect.NativeConstructorAccessorImpl.newInstance0(Native Method)\r\n\tat sun.reflect.NativeConstructorAccessorImpl.newInstance(NativeConstructorAccessorImpl.java:62)\r\n\tat sun.reflect.DelegatingConstructorAccessorImpl.newInstance(DelegatingConstructorAccessorImpl.java:45)\r\n\tat java.lang.reflect.Constructor.newInstance(Constructor.java:423)\r\n\tat org.openqa.selenium.remote.http.W3CHttpResponseCodec.createException(W3CHttpResponseCodec.java:187)\r\n\tat org.openqa.selenium.remote.http.W3CHttpResponseCodec.decode(W3CHttpResponseCodec.java:122)\r\n\tat org.openqa.selenium.remote.http.W3CHttpResponseCodec.decode(W3CHttpResponseCodec.java:49)\r\n\tat org.openqa.selenium.remote.HttpCommandExecutor.execute(HttpCommandExecutor.java:158)\r\n\tat org.openqa.selenium.remote.service.DriverCommandExecutor.execute(DriverCommandExecutor.java:83)\r\n\tat org.openqa.selenium.remote.RemoteWebDriver.execute(RemoteWebDriver.java:552)\r\n\tat org.openqa.selenium.remote.RemoteWebDriver.findElement(RemoteWebDriver.java:323)\r\n\tat org.openqa.selenium.remote.RemoteWebDriver.findElementByName(RemoteWebDriver.java:404)\r\n\tat org.openqa.selenium.By$ByName.findElement(By.java:284)\r\n\tat org.openqa.selenium.remote.RemoteWebDriver.findElement(RemoteWebDriver.java:315)\r\n\tat org.openqa.selenium.support.pagefactory.DefaultElementLocator.findElement(DefaultElementLocator.java:69)\r\n\tat org.openqa.selenium.support.pagefactory.internal.LocatingElementHandler.invoke(LocatingElementHandler.java:38)\r\n\tat com.sun.proxy.$Proxy16.getText(Unknown Source)\r\n\tat Pages.AccountPage.UserTitle(AccountPage.java:19)\r\n\tat StepDefination.SiginTest.user_should_be_land_in_my_account_page(SiginTest.java:41)\r\n\tat ✽.user should be land in my account page(file:signIn.feature:25)\r\n",
              "duration": 30128420700,
              "status": "failed"
            },
            "line": 25,
            "name": "user should be land in my account page",
            "match": {
              "location": "SiginTest.user_should_be_land_in_my_account_page()"
            },
            "keyword": "Then "
          }
        ],
        "tags": [
          {
            "name": "@tag"
          }
        ]
      },
      {
        "before": [
          {
            "result": {
              "duration": 7262535600,
              "status": "passed"
            },
            "match": {
              "location": "SiginTest.openBrowser()"
            }
          }
        ],
        "line": 39,
        "name": "Sign-in with invalid credentials",
        "description": "",
        "id": "sign-in;sign-in-with-invalid-credentials;;2",
        "after": [
          {
            "result": {
              "duration": 1156471900,
              "status": "passed"
            },
            "match": {
              "location": "SiginTest.closeWebsite()"
            }
          }
        ],
        "type": "scenario",
        "keyword": "Scenario Outline",
        "steps": [
          {
            "result": {
              "duration": 11936400,
              "status": "passed"
            },
            "line": 33,
            "name": "user open newtours website",
            "match": {
              "location": "SiginTest.user_open_newtours_website()"
            },
            "keyword": "Given "
          },
          {
            "result": {
              "duration": 2153439600,
              "status": "passed"
            },
            "line": 34,
            "name": "user enters invalid \"notest123\" and invalid \"12345\"",
            "match": {
              "arguments": [
                {
                  "val": "notest123",
                  "offset": 21
                },
                {
                  "val": "12345",
                  "offset": 45
                }
              ],
              "location": "SiginTest.user_enters_invalid_and_invalid(String,String)"
            },
            "keyword": "When "
          },
          {
            "result": {
              "duration": 8310400,
              "status": "passed"
            },
            "line": 35,
            "name": "user should not be able to login",
            "match": {
              "location": "SiginTest.user_should_not_be_able_to_login()"
            },
            "keyword": "Then "
          }
        ],
        "tags": [
          {
            "name": "@tag"
          }
        ]
      },
      {
        "before": [
          {
            "result": {
              "duration": 9043914100,
              "status": "passed"
            },
            "match": {
              "location": "SiginTest.openBrowser()"
            }
          }
        ],
        "line": 40,
        "name": "Sign-in with invalid credentials",
        "description": "",
        "id": "sign-in;sign-in-with-invalid-credentials;;3",
        "after": [
          {
            "result": {
              "duration": 700083100,
              "status": "passed"
            },
            "match": {
              "location": "SiginTest.closeWebsite()"
            }
          }
        ],
        "type": "scenario",
        "keyword": "Scenario Outline",
        "steps": [
          {
            "result": {
              "duration": 12759000,
              "status": "passed"
            },
            "line": 33,
            "name": "user open newtours website",
            "match": {
              "location": "SiginTest.user_open_newtours_website()"
            },
            "keyword": "Given "
          },
          {
            "result": {
              "duration": 2220738800,
              "status": "passed"
            },
            "line": 34,
            "name": "user enters invalid \"notest456\" and invalid \"5678\"",
            "match": {
              "arguments": [
                {
                  "val": "notest456",
                  "offset": 21
                },
                {
                  "val": "5678",
                  "offset": 45
                }
              ],
              "location": "SiginTest.user_enters_invalid_and_invalid(String,String)"
            },
            "keyword": "When "
          },
          {
            "result": {
              "duration": 20501200,
              "status": "passed"
            },
            "line": 35,
            "name": "user should not be able to login",
            "match": {
              "location": "SiginTest.user_should_not_be_able_to_login()"
            },
            "keyword": "Then "
          }
        ],
        "tags": [
          {
            "name": "@tag"
          }
        ]
      }
    ],
    "name": "Sign-in",
    "description": "",
    "id": "sign-in",
    "keyword": "Feature",
    "uri": "file:signIn.feature",
    "tags": [
      {
        "name": "@tag",
        "type": "Tag",
        "location": {
          "line": 19,
          "column": 1
        }
      }
    ]
  }
]